<?xml version="1.0" encoding="UTF-8"?>
<coverage generated="1744811336876" clover="3.2.0">
  <project timestamp="1744811336876" name="All files">
    <metrics statements="86" coveredstatements="81" conditionals="49" coveredconditionals="44" methods="19" coveredmethods="19" elements="154" coveredelements="144" complexity="0" loc="86" ncloc="86" packages="2" files="7" classes="7"/>
    <package name="src">
      <metrics statements="32" coveredstatements="31" conditionals="13" coveredconditionals="12" methods="6" coveredmethods="6"/>
      <file name="buildDiff.js" path="/home/katerina_che/frontend-project-46/src/buildDiff.js">
        <metrics statements="14" coveredstatements="14" conditionals="10" coveredconditionals="10" methods="2" coveredmethods="2"/>
        <line num="3" count="1" type="stmt"/>
        <line num="4" count="35" type="stmt"/>
        <line num="6" count="35" type="stmt"/>
        <line num="7" count="126" type="stmt"/>
        <line num="8" count="126" type="stmt"/>
        <line num="10" count="126" type="cond" truecount="2" falsecount="0"/>
        <line num="11" count="14" type="stmt"/>
        <line num="13" count="112" type="cond" truecount="2" falsecount="0"/>
        <line num="14" count="35" type="stmt"/>
        <line num="16" count="77" type="cond" truecount="4" falsecount="0"/>
        <line num="17" count="28" type="stmt"/>
        <line num="19" count="49" type="cond" truecount="2" falsecount="0"/>
        <line num="20" count="28" type="stmt"/>
        <line num="27" count="21" type="stmt"/>
      </file>
      <file name="index.js" path="/home/katerina_che/frontend-project-46/src/index.js">
        <metrics statements="8" coveredstatements="8" conditionals="1" coveredconditionals="1" methods="1" coveredmethods="1"/>
        <line num="6" count="1" type="cond" truecount="1" falsecount="0"/>
        <line num="7" count="7" type="stmt"/>
        <line num="8" count="7" type="stmt"/>
        <line num="10" count="7" type="stmt"/>
        <line num="11" count="7" type="stmt"/>
        <line num="13" count="7" type="stmt"/>
        <line num="14" count="7" type="stmt"/>
        <line num="15" count="7" type="stmt"/>
      </file>
      <file name="parsers.js" path="/home/katerina_che/frontend-project-46/src/parsers.js">
        <metrics statements="10" coveredstatements="9" conditionals="2" coveredconditionals="1" methods="3" coveredmethods="3"/>
        <line num="5" count="8" type="stmt"/>
        <line num="6" count="6" type="stmt"/>
        <line num="8" count="1" type="stmt"/>
        <line num="14" count="1" type="stmt"/>
        <line num="15" count="14" type="stmt"/>
        <line num="16" count="14" type="stmt"/>
        <line num="18" count="14" type="cond" truecount="1" falsecount="1"/>
        <line num="19" count="0" type="stmt"/>
        <line num="22" count="14" type="stmt"/>
        <line num="23" count="14" type="stmt"/>
      </file>
    </package>
    <package name="src.formatters">
      <metrics statements="54" coveredstatements="50" conditionals="36" coveredconditionals="32" methods="13" coveredmethods="13"/>
      <file name="index.js" path="/home/katerina_che/frontend-project-46/src/formatters/index.js">
        <metrics statements="4" coveredstatements="3" conditionals="2" coveredconditionals="1" methods="1" coveredmethods="1"/>
        <line num="5" count="1" type="stmt"/>
        <line num="12" count="7" type="cond" truecount="1" falsecount="1"/>
        <line num="13" count="0" type="stmt"/>
        <line num="15" count="7" type="stmt"/>
      </file>
      <file name="json.js" path="/home/katerina_che/frontend-project-46/src/formatters/json.js">
        <metrics statements="12" coveredstatements="11" conditionals="6" coveredconditionals="5" methods="2" coveredmethods="2"/>
        <line num="1" count="1" type="stmt"/>
        <line num="2" count="3" type="stmt"/>
        <line num="3" count="54" type="stmt"/>
        <line num="4" count="54" type="stmt"/>
        <line num="6" count="54" type="cond" truecount="5" falsecount="1"/>
        <line num="8" count="15" type="stmt"/>
        <line num="10" count="6" type="stmt"/>
        <line num="12" count="12" type="stmt"/>
        <line num="14" count="12" type="stmt"/>
        <line num="16" count="9" type="stmt"/>
        <line num="18" count="0" type="stmt"/>
        <line num="22" count="3" type="stmt"/>
      </file>
      <file name="plain.js" path="/home/katerina_che/frontend-project-46/src/formatters/plain.js">
        <metrics statements="16" coveredstatements="15" conditionals="13" coveredconditionals="12" methods="4" coveredmethods="4"/>
        <line num="3" count="1" type="stmt"/>
        <line num="4" count="26" type="cond" truecount="2" falsecount="0"/>
        <line num="5" count="6" type="stmt"/>
        <line num="7" count="20" type="cond" truecount="2" falsecount="0"/>
        <line num="8" count="14" type="stmt"/>
        <line num="10" count="6" type="stmt"/>
        <line num="13" count="10" type="cond" truecount="1" falsecount="0"/>
        <line num="14" count="36" type="cond" truecount="2" falsecount="0"/>
        <line num="16" count="36" type="cond" truecount="5" falsecount="1"/>
        <line num="18" count="10" type="stmt"/>
        <line num="20" count="4" type="stmt"/>
        <line num="22" count="8" type="stmt"/>
        <line num="24" count="8" type="stmt"/>
        <line num="26" count="6" type="stmt"/>
        <line num="28" count="0" type="stmt"/>
        <line num="32" count="2" type="stmt"/>
      </file>
      <file name="stylish.js" path="/home/katerina_che/frontend-project-46/src/formatters/stylish.js">
        <metrics statements="22" coveredstatements="21" conditionals="15" coveredconditionals="14" methods="6" coveredmethods="6"/>
        <line num="3" count="38" type="stmt"/>
        <line num="5" count="1" type="stmt"/>
        <line num="6" count="54" type="cond" truecount="2" falsecount="0"/>
        <line num="7" count="40" type="cond" truecount="2" falsecount="0"/>
        <line num="8" count="38" type="cond" truecount="2" falsecount="0"/>
        <line num="9" count="34" type="stmt"/>
        <line num="12" count="14" type="stmt"/>
        <line num="13" count="14" type="stmt"/>
        <line num="14" count="18" type="stmt"/>
        <line num="16" count="14" type="stmt"/>
        <line num="19" count="1" type="cond" truecount="1" falsecount="0"/>
        <line num="20" count="10" type="stmt"/>
        <line num="21" count="10" type="stmt"/>
        <line num="22" count="36" type="stmt"/>
        <line num="24" count="36" type="cond" truecount="5" falsecount="1"/>
        <line num="26" count="10" type="stmt"/>
        <line num="28" count="4" type="stmt"/>
        <line num="30" count="8" type="stmt"/>
        <line num="35" count="8" type="stmt"/>
        <line num="37" count="6" type="stmt"/>
        <line num="39" count="0" type="stmt"/>
        <line num="43" count="10" type="cond" truecount="2" falsecount="0"/>
      </file>
    </package>
  </project>
</coverage>
