{"/home/katerina_che/frontend-project-46/src/buildDiff.js": {"path":"/home/katerina_che/frontend-project-46/src/buildDiff.js","statementMap":{"0":{"start":{"line":3,"column":18},"end":{"line":29,"column":1}},"1":{"start":{"line":4,"column":15},"end":{"line":4,"column":72}},"2":{"start":{"line":6,"column":2},"end":{"line":28,"column":5}},"3":{"start":{"line":7,"column":19},"end":{"line":7,"column":29}},"4":{"start":{"line":8,"column":19},"end":{"line":8,"column":29}},"5":{"start":{"line":10,"column":4},"end":{"line":12,"column":5}},"6":{"start":{"line":11,"column":6},"end":{"line":11,"column":53}},"7":{"start":{"line":13,"column":4},"end":{"line":15,"column":5}},"8":{"start":{"line":14,"column":6},"end":{"line":14,"column":51}},"9":{"start":{"line":16,"column":4},"end":{"line":18,"column":5}},"10":{"start":{"line":17,"column":6},"end":{"line":17,"column":74}},"11":{"start":{"line":19,"column":4},"end":{"line":26,"column":5}},"12":{"start":{"line":20,"column":6},"end":{"line":25,"column":8}},"13":{"start":{"line":27,"column":4},"end":{"line":27,"column":53}}},"fnMap":{"0":{"name":"(anonymous_0)","decl":{"start":{"line":3,"column":18},"end":{"line":3,"column":19}},"loc":{"start":{"line":3,"column":36},"end":{"line":29,"column":1}},"line":3},"1":{"name":"(anonymous_1)","decl":{"start":{"line":6,"column":18},"end":{"line":6,"column":19}},"loc":{"start":{"line":6,"column":27},"end":{"line":28,"column":3}},"line":6}},"branchMap":{"0":{"loc":{"start":{"line":10,"column":4},"end":{"line":12,"column":5}},"type":"if","locations":[{"start":{"line":10,"column":4},"end":{"line":12,"column":5}},{"start":{},"end":{}}],"line":10},"1":{"loc":{"start":{"line":13,"column":4},"end":{"line":15,"column":5}},"type":"if","locations":[{"start":{"line":13,"column":4},"end":{"line":15,"column":5}},{"start":{},"end":{}}],"line":13},"2":{"loc":{"start":{"line":16,"column":4},"end":{"line":18,"column":5}},"type":"if","locations":[{"start":{"line":16,"column":4},"end":{"line":18,"column":5}},{"start":{},"end":{}}],"line":16},"3":{"loc":{"start":{"line":16,"column":8},"end":{"line":16,"column":58}},"type":"binary-expr","locations":[{"start":{"line":16,"column":8},"end":{"line":16,"column":31}},{"start":{"line":16,"column":35},"end":{"line":16,"column":58}}],"line":16},"4":{"loc":{"start":{"line":19,"column":4},"end":{"line":26,"column":5}},"type":"if","locations":[{"start":{"line":19,"column":4},"end":{"line":26,"column":5}},{"start":{},"end":{}}],"line":19}},"s":{"0":1,"1":35,"2":35,"3":126,"4":126,"5":126,"6":14,"7":112,"8":35,"9":77,"10":28,"11":49,"12":28,"13":21},"f":{"0":35,"1":126},"b":{"0":[14,112],"1":[35,77],"2":[28,49],"3":[77,35],"4":[28,21]},"_coverageSchema":"1a1c01bbd47fc00a2c39e90264f33305004495a9","hash":"b7ac7de9e1c6d094649706f2a33626388ac3973d"}
,"/home/katerina_che/frontend-project-46/src/index.js": {"path":"/home/katerina_che/frontend-project-46/src/index.js","statementMap":{"0":{"start":{"line":6,"column":16},"end":{"line":16,"column":1}},"1":{"start":{"line":7,"column":24},"end":{"line":7,"column":57}},"2":{"start":{"line":8,"column":24},"end":{"line":8,"column":57}},"3":{"start":{"line":10,"column":16},"end":{"line":10,"column":40}},"4":{"start":{"line":11,"column":16},"end":{"line":11,"column":40}},"5":{"start":{"line":13,"column":15},"end":{"line":13,"column":38}},"6":{"start":{"line":14,"column":17},"end":{"line":14,"column":41}},"7":{"start":{"line":15,"column":2},"end":{"line":15,"column":22}}},"fnMap":{"0":{"name":"(anonymous_0)","decl":{"start":{"line":6,"column":16},"end":{"line":6,"column":17}},"loc":{"start":{"line":6,"column":66},"end":{"line":16,"column":1}},"line":6}},"branchMap":{"0":{"loc":{"start":{"line":6,"column":39},"end":{"line":6,"column":61}},"type":"default-arg","locations":[{"start":{"line":6,"column":52},"end":{"line":6,"column":61}}],"line":6}},"s":{"0":1,"1":7,"2":7,"3":7,"4":7,"5":7,"6":7,"7":7},"f":{"0":7},"b":{"0":[2]},"_coverageSchema":"1a1c01bbd47fc00a2c39e90264f33305004495a9","hash":"b22dcabad0b7310618711ab285a1edece4433648"}
,"/home/katerina_che/frontend-project-46/src/parsers.js": {"path":"/home/katerina_che/frontend-project-46/src/parsers.js","statementMap":{"0":{"start":{"line":5,"column":18},"end":{"line":5,"column":50}},"1":{"start":{"line":5,"column":31},"end":{"line":5,"column":50}},"2":{"start":{"line":6,"column":18},"end":{"line":6,"column":49}},"3":{"start":{"line":6,"column":31},"end":{"line":6,"column":49}},"4":{"start":{"line":8,"column":16},"end":{"line":12,"column":1}},"5":{"start":{"line":14,"column":18},"end":{"line":24,"column":1}},"6":{"start":{"line":15,"column":14},"end":{"line":15,"column":45}},"7":{"start":{"line":16,"column":16},"end":{"line":16,"column":28}},"8":{"start":{"line":18,"column":2},"end":{"line":20,"column":3}},"9":{"start":{"line":19,"column":4},"end":{"line":19,"column":55}},"10":{"start":{"line":22,"column":18},"end":{"line":22,"column":52}},"11":{"start":{"line":23,"column":2},"end":{"line":23,"column":24}}},"fnMap":{"0":{"name":"(anonymous_0)","decl":{"start":{"line":5,"column":18},"end":{"line":5,"column":19}},"loc":{"start":{"line":5,"column":31},"end":{"line":5,"column":50}},"line":5},"1":{"name":"(anonymous_1)","decl":{"start":{"line":6,"column":18},"end":{"line":6,"column":19}},"loc":{"start":{"line":6,"column":31},"end":{"line":6,"column":49}},"line":6},"2":{"name":"(anonymous_2)","decl":{"start":{"line":14,"column":18},"end":{"line":14,"column":19}},"loc":{"start":{"line":14,"column":32},"end":{"line":24,"column":1}},"line":14}},"branchMap":{"0":{"loc":{"start":{"line":18,"column":2},"end":{"line":20,"column":3}},"type":"if","locations":[{"start":{"line":18,"column":2},"end":{"line":20,"column":3}},{"start":{},"end":{}}],"line":18}},"s":{"0":1,"1":8,"2":1,"3":6,"4":1,"5":1,"6":14,"7":14,"8":14,"9":0,"10":14,"11":14},"f":{"0":8,"1":6,"2":14},"b":{"0":[0,14]},"_coverageSchema":"1a1c01bbd47fc00a2c39e90264f33305004495a9","hash":"322d5c4d043d726d62265f51ca8f47fe55300276"}
,"/home/katerina_che/frontend-project-46/src/formatters/index.js": {"path":"/home/katerina_che/frontend-project-46/src/formatters/index.js","statementMap":{"0":{"start":{"line":5,"column":19},"end":{"line":9,"column":1}},"1":{"start":{"line":12,"column":2},"end":{"line":14,"column":3}},"2":{"start":{"line":13,"column":4},"end":{"line":13,"column":49}},"3":{"start":{"line":15,"column":2},"end":{"line":15,"column":28}}},"fnMap":{"0":{"name":"(anonymous_0)","decl":{"start":{"line":11,"column":15},"end":{"line":11,"column":16}},"loc":{"start":{"line":11,"column":27},"end":{"line":16,"column":1}},"line":11}},"branchMap":{"0":{"loc":{"start":{"line":12,"column":2},"end":{"line":14,"column":3}},"type":"if","locations":[{"start":{"line":12,"column":2},"end":{"line":14,"column":3}},{"start":{},"end":{}}],"line":12}},"s":{"0":1,"1":7,"2":0,"3":7},"f":{"0":7},"b":{"0":[0,7]},"_coverageSchema":"1a1c01bbd47fc00a2c39e90264f33305004495a9","hash":"810f24f44444331b8e1758e4f4e95c68ff90004f"}
,"/home/katerina_che/frontend-project-46/src/formatters/json.js": {"path":"/home/katerina_che/frontend-project-46/src/formatters/json.js","statementMap":{"0":{"start":{"line":1,"column":19},"end":{"line":23,"column":1}},"1":{"start":{"line":2,"column":21},"end":{"line":20,"column":3}},"2":{"start":{"line":3,"column":26},"end":{"line":3,"column":30}},"3":{"start":{"line":4,"column":17},"end":{"line":4,"column":30}},"4":{"start":{"line":6,"column":4},"end":{"line":19,"column":5}},"5":{"start":{"line":8,"column":8},"end":{"line":8,"column":46}},"6":{"start":{"line":10,"column":8},"end":{"line":10,"column":46}},"7":{"start":{"line":12,"column":8},"end":{"line":12,"column":73}},"8":{"start":{"line":14,"column":8},"end":{"line":14,"column":68}},"9":{"start":{"line":16,"column":8},"end":{"line":16,"column":46}},"10":{"start":{"line":18,"column":8},"end":{"line":18,"column":49}},"11":{"start":{"line":22,"column":2},"end":{"line":22,"column":55}}},"fnMap":{"0":{"name":"(anonymous_0)","decl":{"start":{"line":1,"column":19},"end":{"line":1,"column":20}},"loc":{"start":{"line":1,"column":29},"end":{"line":23,"column":1}},"line":1},"1":{"name":"(anonymous_1)","decl":{"start":{"line":2,"column":21},"end":{"line":2,"column":22}},"loc":{"start":{"line":2,"column":31},"end":{"line":20,"column":3}},"line":2}},"branchMap":{"0":{"loc":{"start":{"line":6,"column":4},"end":{"line":19,"column":5}},"type":"switch","locations":[{"start":{"line":7,"column":6},"end":{"line":8,"column":46}},{"start":{"line":9,"column":6},"end":{"line":10,"column":46}},{"start":{"line":11,"column":6},"end":{"line":12,"column":73}},{"start":{"line":13,"column":6},"end":{"line":14,"column":68}},{"start":{"line":15,"column":6},"end":{"line":16,"column":46}},{"start":{"line":17,"column":6},"end":{"line":18,"column":49}}],"line":6}},"s":{"0":1,"1":3,"2":54,"3":54,"4":54,"5":15,"6":6,"7":12,"8":12,"9":9,"10":0,"11":3},"f":{"0":3,"1":54},"b":{"0":[15,6,12,12,9,0]},"_coverageSchema":"1a1c01bbd47fc00a2c39e90264f33305004495a9","hash":"76ebba29c74d1a11788670fd59e8f3543e50130d"}
,"/home/katerina_che/frontend-project-46/src/formatters/plain.js": {"path":"/home/katerina_che/frontend-project-46/src/formatters/plain.js","statementMap":{"0":{"start":{"line":3,"column":20},"end":{"line":11,"column":1}},"1":{"start":{"line":4,"column":2},"end":{"line":6,"column":3}},"2":{"start":{"line":5,"column":4},"end":{"line":5,"column":29}},"3":{"start":{"line":7,"column":2},"end":{"line":9,"column":3}},"4":{"start":{"line":8,"column":4},"end":{"line":8,"column":24}},"5":{"start":{"line":10,"column":2},"end":{"line":10,"column":23}},"6":{"start":{"line":13,"column":24},"end":{"line":30,"column":13}},"7":{"start":{"line":13,"column":51},"end":{"line":30,"column":13}},"8":{"start":{"line":14,"column":22},"end":{"line":14,"column":73}},"9":{"start":{"line":16,"column":2},"end":{"line":29,"column":3}},"10":{"start":{"line":18,"column":6},"end":{"line":18,"column":90}},"11":{"start":{"line":20,"column":6},"end":{"line":20,"column":53}},"12":{"start":{"line":22,"column":6},"end":{"line":22,"column":118}},"13":{"start":{"line":24,"column":6},"end":{"line":24,"column":57}},"14":{"start":{"line":26,"column":6},"end":{"line":26,"column":16}},"15":{"start":{"line":28,"column":6},"end":{"line":28,"column":57}},"16":{"start":{"line":32,"column":25},"end":{"line":32,"column":46}}},"fnMap":{"0":{"name":"(anonymous_0)","decl":{"start":{"line":3,"column":20},"end":{"line":3,"column":21}},"loc":{"start":{"line":3,"column":31},"end":{"line":11,"column":1}},"line":3},"1":{"name":"(anonymous_1)","decl":{"start":{"line":13,"column":24},"end":{"line":13,"column":25}},"loc":{"start":{"line":13,"column":51},"end":{"line":30,"column":13}},"line":13},"2":{"name":"(anonymous_2)","decl":{"start":{"line":13,"column":64},"end":{"line":13,"column":65}},"loc":{"start":{"line":13,"column":74},"end":{"line":30,"column":1}},"line":13},"3":{"name":"(anonymous_3)","decl":{"start":{"line":32,"column":15},"end":{"line":32,"column":16}},"loc":{"start":{"line":32,"column":25},"end":{"line":32,"column":46}},"line":32}},"branchMap":{"0":{"loc":{"start":{"line":4,"column":2},"end":{"line":6,"column":3}},"type":"if","locations":[{"start":{"line":4,"column":2},"end":{"line":6,"column":3}},{"start":{},"end":{}}],"line":4},"1":{"loc":{"start":{"line":7,"column":2},"end":{"line":9,"column":3}},"type":"if","locations":[{"start":{"line":7,"column":2},"end":{"line":9,"column":3}},{"start":{},"end":{}}],"line":7},"2":{"loc":{"start":{"line":13,"column":31},"end":{"line":13,"column":46}},"type":"default-arg","locations":[{"start":{"line":13,"column":44},"end":{"line":13,"column":46}}],"line":13},"3":{"loc":{"start":{"line":14,"column":22},"end":{"line":14,"column":73}},"type":"cond-expr","locations":[{"start":{"line":14,"column":35},"end":{"line":14,"column":62}},{"start":{"line":14,"column":65},"end":{"line":14,"column":73}}],"line":14},"4":{"loc":{"start":{"line":16,"column":2},"end":{"line":29,"column":3}},"type":"switch","locations":[{"start":{"line":17,"column":4},"end":{"line":18,"column":90}},{"start":{"line":19,"column":4},"end":{"line":20,"column":53}},{"start":{"line":21,"column":4},"end":{"line":22,"column":118}},{"start":{"line":23,"column":4},"end":{"line":24,"column":57}},{"start":{"line":25,"column":4},"end":{"line":26,"column":16}},{"start":{"line":27,"column":4},"end":{"line":28,"column":57}}],"line":16}},"s":{"0":1,"1":26,"2":6,"3":20,"4":14,"5":6,"6":1,"7":10,"8":36,"9":36,"10":10,"11":4,"12":8,"13":8,"14":6,"15":0,"16":2},"f":{"0":26,"1":10,"2":36,"3":2},"b":{"0":[6,20],"1":[14,6],"2":[2],"3":[28,8],"4":[10,4,8,8,6,0]},"_coverageSchema":"1a1c01bbd47fc00a2c39e90264f33305004495a9","hash":"1f80527c4d683f1363dc328f882836e52db20030"}
,"/home/katerina_che/frontend-project-46/src/formatters/stylish.js": {"path":"/home/katerina_che/frontend-project-46/src/formatters/stylish.js","statementMap":{"0":{"start":{"line":3,"column":20},"end":{"line":3,"column":51}},"1":{"start":{"line":3,"column":31},"end":{"line":3,"column":51}},"2":{"start":{"line":5,"column":18},"end":{"line":17,"column":1}},"3":{"start":{"line":6,"column":2},"end":{"line":10,"column":3}},"4":{"start":{"line":7,"column":4},"end":{"line":7,"column":38}},"5":{"start":{"line":7,"column":24},"end":{"line":7,"column":38}},"6":{"start":{"line":8,"column":4},"end":{"line":8,"column":57}},"7":{"start":{"line":8,"column":36},"end":{"line":8,"column":57}},"8":{"start":{"line":9,"column":4},"end":{"line":9,"column":17}},"9":{"start":{"line":12,"column":17},"end":{"line":12,"column":39}},"10":{"start":{"line":13,"column":16},"end":{"line":15,"column":3}},"11":{"start":{"line":14,"column":20},"end":{"line":14,"column":67}},"12":{"start":{"line":16,"column":2},"end":{"line":16,"column":58}},"13":{"start":{"line":19,"column":22},"end":{"line":44,"column":1}},"14":{"start":{"line":20,"column":17},"end":{"line":20,"column":35}},"15":{"start":{"line":21,"column":16},"end":{"line":41,"column":4}},"16":{"start":{"line":22,"column":21},"end":{"line":22,"column":102}},"17":{"start":{"line":22,"column":43},"end":{"line":22,"column":102}},"18":{"start":{"line":24,"column":4},"end":{"line":40,"column":5}},"19":{"start":{"line":26,"column":8},"end":{"line":26,"column":51}},"20":{"start":{"line":28,"column":8},"end":{"line":28,"column":51}},"21":{"start":{"line":30,"column":8},"end":{"line":33,"column":10}},"22":{"start":{"line":35,"column":8},"end":{"line":35,"column":105}},"23":{"start":{"line":37,"column":8},"end":{"line":37,"column":79}},"24":{"start":{"line":39,"column":8},"end":{"line":39,"column":59}},"25":{"start":{"line":43,"column":2},"end":{"line":43,"column":84}}},"fnMap":{"0":{"name":"(anonymous_0)","decl":{"start":{"line":3,"column":20},"end":{"line":3,"column":21}},"loc":{"start":{"line":3,"column":31},"end":{"line":3,"column":51}},"line":3},"1":{"name":"(anonymous_1)","decl":{"start":{"line":5,"column":18},"end":{"line":5,"column":19}},"loc":{"start":{"line":5,"column":36},"end":{"line":17,"column":1}},"line":5},"2":{"name":"(anonymous_2)","decl":{"start":{"line":14,"column":4},"end":{"line":14,"column":5}},"loc":{"start":{"line":14,"column":20},"end":{"line":14,"column":67}},"line":14},"3":{"name":"(anonymous_3)","decl":{"start":{"line":19,"column":22},"end":{"line":19,"column":23}},"loc":{"start":{"line":19,"column":43},"end":{"line":44,"column":1}},"line":19},"4":{"name":"(anonymous_4)","decl":{"start":{"line":21,"column":25},"end":{"line":21,"column":26}},"loc":{"start":{"line":21,"column":35},"end":{"line":41,"column":3}},"line":21},"5":{"name":"(anonymous_5)","decl":{"start":{"line":22,"column":21},"end":{"line":22,"column":22}},"loc":{"start":{"line":22,"column":43},"end":{"line":22,"column":102}},"line":22}},"branchMap":{"0":{"loc":{"start":{"line":6,"column":2},"end":{"line":10,"column":3}},"type":"if","locations":[{"start":{"line":6,"column":2},"end":{"line":10,"column":3}},{"start":{},"end":{}}],"line":6},"1":{"loc":{"start":{"line":7,"column":4},"end":{"line":7,"column":38}},"type":"if","locations":[{"start":{"line":7,"column":4},"end":{"line":7,"column":38}},{"start":{},"end":{}}],"line":7},"2":{"loc":{"start":{"line":8,"column":4},"end":{"line":8,"column":57}},"type":"if","locations":[{"start":{"line":8,"column":4},"end":{"line":8,"column":57}},{"start":{},"end":{}}],"line":8},"3":{"loc":{"start":{"line":19,"column":29},"end":{"line":19,"column":38}},"type":"default-arg","locations":[{"start":{"line":19,"column":37},"end":{"line":19,"column":38}}],"line":19},"4":{"loc":{"start":{"line":24,"column":4},"end":{"line":40,"column":5}},"type":"switch","locations":[{"start":{"line":25,"column":6},"end":{"line":26,"column":51}},{"start":{"line":27,"column":6},"end":{"line":28,"column":51}},{"start":{"line":29,"column":6},"end":{"line":33,"column":10}},{"start":{"line":34,"column":6},"end":{"line":35,"column":105}},{"start":{"line":36,"column":6},"end":{"line":37,"column":79}},{"start":{"line":38,"column":6},"end":{"line":39,"column":59}}],"line":24},"5":{"loc":{"start":{"line":43,"column":9},"end":{"line":43,"column":83}},"type":"cond-expr","locations":[{"start":{"line":43,"column":23},"end":{"line":43,"column":57}},{"start":{"line":43,"column":60},"end":{"line":43,"column":83}}],"line":43}},"s":{"0":1,"1":38,"2":1,"3":54,"4":40,"5":2,"6":38,"7":4,"8":34,"9":14,"10":14,"11":18,"12":14,"13":1,"14":10,"15":10,"16":36,"17":30,"18":36,"19":10,"20":4,"21":8,"22":8,"23":6,"24":0,"25":10},"f":{"0":38,"1":54,"2":18,"3":10,"4":36,"5":30},"b":{"0":[40,14],"1":[2,38],"2":[4,34],"3":[2],"4":[10,4,8,8,6,0],"5":[2,8]},"_coverageSchema":"1a1c01bbd47fc00a2c39e90264f33305004495a9","hash":"a942a51f873ca5d8657e87adba3b0e2d75ac39b5"}
}
