{"D:\\Работа\\2\\frontend-project-46\\src\\buildDiff.js": {"path":"D:\\Работа\\2\\frontend-project-46\\src\\buildDiff.js","all":false,"statementMap":{"0":{"start":{"line":1,"column":0},"end":{"line":1,"column":23}},"1":{"start":{"line":2,"column":0},"end":{"line":2,"column":0}},"2":{"start":{"line":3,"column":0},"end":{"line":3,"column":35}},"3":{"start":{"line":4,"column":0},"end":{"line":4,"column":81}},"4":{"start":{"line":5,"column":0},"end":{"line":5,"column":49}},"5":{"start":{"line":6,"column":0},"end":{"line":6,"column":29}},"6":{"start":{"line":7,"column":0},"end":{"line":7,"column":29}},"7":{"start":{"line":8,"column":0},"end":{"line":8,"column":0}},"8":{"start":{"line":9,"column":0},"end":{"line":9,"column":36}},"9":{"start":{"line":10,"column":0},"end":{"line":10,"column":51}},"10":{"start":{"line":11,"column":0},"end":{"line":11,"column":5}},"11":{"start":{"line":12,"column":0},"end":{"line":12,"column":0}},"12":{"start":{"line":13,"column":0},"end":{"line":13,"column":36}},"13":{"start":{"line":14,"column":0},"end":{"line":14,"column":53}},"14":{"start":{"line":15,"column":0},"end":{"line":15,"column":5}},"15":{"start":{"line":16,"column":0},"end":{"line":16,"column":0}},"16":{"start":{"line":17,"column":0},"end":{"line":17,"column":35}},"17":{"start":{"line":18,"column":0},"end":{"line":18,"column":55}},"18":{"start":{"line":19,"column":0},"end":{"line":19,"column":5}},"19":{"start":{"line":20,"column":0},"end":{"line":20,"column":0}},"20":{"start":{"line":21,"column":0},"end":{"line":21,"column":61}},"21":{"start":{"line":22,"column":0},"end":{"line":22,"column":73}},"22":{"start":{"line":23,"column":0},"end":{"line":23,"column":5}},"23":{"start":{"line":24,"column":0},"end":{"line":24,"column":12}},"24":{"start":{"line":25,"column":0},"end":{"line":25,"column":10}},"25":{"start":{"line":26,"column":0},"end":{"line":26,"column":25}},"26":{"start":{"line":27,"column":0},"end":{"line":27,"column":26}},"27":{"start":{"line":28,"column":0},"end":{"line":28,"column":22}},"28":{"start":{"line":29,"column":0},"end":{"line":29,"column":6}},"29":{"start":{"line":30,"column":0},"end":{"line":30,"column":5}},"30":{"start":{"line":31,"column":0},"end":{"line":31,"column":19}},"31":{"start":{"line":32,"column":0},"end":{"line":32,"column":2}},"32":{"start":{"line":33,"column":0},"end":{"line":33,"column":25}}},"s":{"0":1,"1":1,"2":1,"3":20,"4":20,"5":72,"6":72,"7":72,"8":72,"9":20,"10":20,"11":52,"12":72,"13":8,"14":8,"15":44,"16":72,"17":12,"18":12,"19":32,"20":72,"21":16,"22":16,"23":16,"24":16,"25":16,"26":16,"27":16,"28":16,"29":20,"30":20,"31":20,"32":1},"branchMap":{"0":{"type":"branch","line":3,"loc":{"start":{"line":3,"column":18},"end":{"line":32,"column":2}},"locations":[{"start":{"line":3,"column":18},"end":{"line":32,"column":2}}]},"1":{"type":"branch","line":5,"loc":{"start":{"line":5,"column":40},"end":{"line":30,"column":3}},"locations":[{"start":{"line":5,"column":40},"end":{"line":30,"column":3}}]},"2":{"type":"branch","line":9,"loc":{"start":{"line":9,"column":35},"end":{"line":11,"column":5}},"locations":[{"start":{"line":9,"column":35},"end":{"line":11,"column":5}}]},"3":{"type":"branch","line":11,"loc":{"start":{"line":11,"column":4},"end":{"line":13,"column":35}},"locations":[{"start":{"line":11,"column":4},"end":{"line":13,"column":35}}]},"4":{"type":"branch","line":13,"loc":{"start":{"line":13,"column":35},"end":{"line":15,"column":5}},"locations":[{"start":{"line":13,"column":35},"end":{"line":15,"column":5}}]},"5":{"type":"branch","line":15,"loc":{"start":{"line":15,"column":4},"end":{"line":17,"column":34}},"locations":[{"start":{"line":15,"column":4},"end":{"line":17,"column":34}}]},"6":{"type":"branch","line":17,"loc":{"start":{"line":17,"column":34},"end":{"line":19,"column":5}},"locations":[{"start":{"line":17,"column":34},"end":{"line":19,"column":5}}]},"7":{"type":"branch","line":19,"loc":{"start":{"line":19,"column":4},"end":{"line":21,"column":35}},"locations":[{"start":{"line":19,"column":4},"end":{"line":21,"column":35}}]},"8":{"type":"branch","line":21,"loc":{"start":{"line":21,"column":31},"end":{"line":21,"column":58}},"locations":[{"start":{"line":21,"column":31},"end":{"line":21,"column":58}}]},"9":{"type":"branch","line":21,"loc":{"start":{"line":21,"column":60},"end":{"line":30,"column":3}},"locations":[{"start":{"line":21,"column":60},"end":{"line":30,"column":3}}]}},"b":{"0":[20],"1":[72],"2":[20],"3":[52],"4":[8],"5":[44],"6":[12],"7":[32],"8":[20],"9":[16]},"fnMap":{"0":{"name":"buildDiff","decl":{"start":{"line":3,"column":18},"end":{"line":32,"column":2}},"loc":{"start":{"line":3,"column":18},"end":{"line":32,"column":2}},"line":3}},"f":{"0":20}}
,"D:\\Работа\\2\\frontend-project-46\\src\\index.js": {"path":"D:\\Работа\\2\\frontend-project-46\\src\\index.js","all":false,"statementMap":{"0":{"start":{"line":1,"column":0},"end":{"line":1,"column":34}},"1":{"start":{"line":2,"column":0},"end":{"line":2,"column":31}},"2":{"start":{"line":3,"column":0},"end":{"line":3,"column":30}},"3":{"start":{"line":4,"column":0},"end":{"line":4,"column":37}},"4":{"start":{"line":5,"column":0},"end":{"line":5,"column":39}},"5":{"start":{"line":6,"column":0},"end":{"line":6,"column":46}},"6":{"start":{"line":7,"column":0},"end":{"line":7,"column":0}},"7":{"start":{"line":8,"column":0},"end":{"line":8,"column":32}},"8":{"start":{"line":9,"column":0},"end":{"line":9,"column":27}},"9":{"start":{"line":10,"column":0},"end":{"line":10,"column":53}},"10":{"start":{"line":11,"column":0},"end":{"line":11,"column":54}},"11":{"start":{"line":12,"column":0},"end":{"line":12,"column":17}},"12":{"start":{"line":13,"column":0},"end":{"line":13,"column":2}},"13":{"start":{"line":14,"column":0},"end":{"line":14,"column":0}},"14":{"start":{"line":15,"column":0},"end":{"line":15,"column":50}},"15":{"start":{"line":16,"column":0},"end":{"line":16,"column":0}},"16":{"start":{"line":17,"column":0},"end":{"line":17,"column":63}},"17":{"start":{"line":18,"column":0},"end":{"line":18,"column":72}},"18":{"start":{"line":19,"column":0},"end":{"line":19,"column":72}},"19":{"start":{"line":20,"column":0},"end":{"line":20,"column":43}},"20":{"start":{"line":21,"column":0},"end":{"line":21,"column":37}},"21":{"start":{"line":22,"column":0},"end":{"line":22,"column":2}},"22":{"start":{"line":23,"column":0},"end":{"line":23,"column":0}},"23":{"start":{"line":24,"column":0},"end":{"line":24,"column":23}}},"s":{"0":1,"1":1,"2":1,"3":1,"4":1,"5":1,"6":1,"7":1,"8":8,"9":8,"10":8,"11":8,"12":8,"13":1,"14":1,"15":1,"16":1,"17":4,"18":4,"19":4,"20":4,"21":4,"22":1,"23":1},"branchMap":{"0":{"type":"branch","line":8,"loc":{"start":{"line":8,"column":18},"end":{"line":13,"column":2}},"locations":[{"start":{"line":8,"column":18},"end":{"line":13,"column":2}}]},"1":{"type":"branch","line":15,"loc":{"start":{"line":15,"column":22},"end":{"line":15,"column":49}},"locations":[{"start":{"line":15,"column":22},"end":{"line":15,"column":49}}]},"2":{"type":"branch","line":17,"loc":{"start":{"line":17,"column":16},"end":{"line":22,"column":2}},"locations":[{"start":{"line":17,"column":16},"end":{"line":22,"column":2}}]}},"b":{"0":[8],"1":[8],"2":[4]},"fnMap":{"0":{"name":"readfile","decl":{"start":{"line":8,"column":18},"end":{"line":13,"column":2}},"loc":{"start":{"line":8,"column":18},"end":{"line":13,"column":2}},"line":8},"1":{"name":"getExtension","decl":{"start":{"line":15,"column":22},"end":{"line":15,"column":49}},"loc":{"start":{"line":15,"column":22},"end":{"line":15,"column":49}},"line":15},"2":{"name":"genDiff","decl":{"start":{"line":17,"column":16},"end":{"line":22,"column":2}},"loc":{"start":{"line":17,"column":16},"end":{"line":22,"column":2}},"line":17}},"f":{"0":8,"1":8,"2":4}}
,"D:\\Работа\\2\\frontend-project-46\\src\\parsers.js": {"path":"D:\\Работа\\2\\frontend-project-46\\src\\parsers.js","all":false,"statementMap":{"0":{"start":{"line":1,"column":0},"end":{"line":1,"column":27}},"1":{"start":{"line":2,"column":0},"end":{"line":2,"column":0}},"2":{"start":{"line":3,"column":0},"end":{"line":3,"column":37}},"3":{"start":{"line":4,"column":0},"end":{"line":4,"column":19}},"4":{"start":{"line":5,"column":0},"end":{"line":5,"column":16}},"5":{"start":{"line":6,"column":0},"end":{"line":6,"column":30}},"6":{"start":{"line":7,"column":0},"end":{"line":7,"column":15}},"7":{"start":{"line":8,"column":0},"end":{"line":8,"column":16}},"8":{"start":{"line":9,"column":0},"end":{"line":9,"column":29}},"9":{"start":{"line":10,"column":0},"end":{"line":10,"column":12}},"10":{"start":{"line":11,"column":0},"end":{"line":11,"column":56}},"11":{"start":{"line":12,"column":0},"end":{"line":12,"column":3}},"12":{"start":{"line":13,"column":0},"end":{"line":13,"column":2}},"13":{"start":{"line":14,"column":0},"end":{"line":14,"column":0}},"14":{"start":{"line":15,"column":0},"end":{"line":15,"column":25}}},"s":{"0":1,"1":1,"2":1,"3":8,"4":8,"5":6,"6":8,"7":8,"8":2,"9":8,"10":0,"11":8,"12":8,"13":1,"14":1},"branchMap":{"0":{"type":"branch","line":3,"loc":{"start":{"line":3,"column":18},"end":{"line":13,"column":2}},"locations":[{"start":{"line":3,"column":18},"end":{"line":13,"column":2}}]},"1":{"type":"branch","line":5,"loc":{"start":{"line":5,"column":4},"end":{"line":6,"column":30}},"locations":[{"start":{"line":5,"column":4},"end":{"line":6,"column":30}}]},"2":{"type":"branch","line":7,"loc":{"start":{"line":7,"column":4},"end":{"line":7,"column":15}},"locations":[{"start":{"line":7,"column":4},"end":{"line":7,"column":15}}]},"3":{"type":"branch","line":8,"loc":{"start":{"line":8,"column":4},"end":{"line":9,"column":29}},"locations":[{"start":{"line":8,"column":4},"end":{"line":9,"column":29}}]},"4":{"type":"branch","line":10,"loc":{"start":{"line":10,"column":4},"end":{"line":11,"column":56}},"locations":[{"start":{"line":10,"column":4},"end":{"line":11,"column":56}}]}},"b":{"0":[8],"1":[6],"2":[2],"3":[2],"4":[0]},"fnMap":{"0":{"name":"parseFile","decl":{"start":{"line":3,"column":18},"end":{"line":13,"column":2}},"loc":{"start":{"line":3,"column":18},"end":{"line":13,"column":2}},"line":3}},"f":{"0":8}}
,"D:\\Работа\\2\\frontend-project-46\\src\\formatters\\index.js": {"path":"D:\\Работа\\2\\frontend-project-46\\src\\formatters\\index.js","all":false,"statementMap":{"0":{"start":{"line":1,"column":0},"end":{"line":1,"column":31}},"1":{"start":{"line":2,"column":0},"end":{"line":2,"column":35}},"2":{"start":{"line":3,"column":0},"end":{"line":3,"column":0}},"3":{"start":{"line":4,"column":0},"end":{"line":4,"column":37}},"4":{"start":{"line":5,"column":0},"end":{"line":5,"column":19}},"5":{"start":{"line":6,"column":0},"end":{"line":6,"column":19}},"6":{"start":{"line":7,"column":0},"end":{"line":7,"column":27}},"7":{"start":{"line":8,"column":0},"end":{"line":8,"column":17}},"8":{"start":{"line":9,"column":0},"end":{"line":9,"column":25}},"9":{"start":{"line":10,"column":0},"end":{"line":10,"column":16}},"10":{"start":{"line":11,"column":0},"end":{"line":11,"column":45}},"11":{"start":{"line":12,"column":0},"end":{"line":12,"column":12}},"12":{"start":{"line":13,"column":0},"end":{"line":13,"column":93}},"13":{"start":{"line":14,"column":0},"end":{"line":14,"column":3}},"14":{"start":{"line":15,"column":0},"end":{"line":15,"column":2}},"15":{"start":{"line":16,"column":0},"end":{"line":16,"column":0}},"16":{"start":{"line":17,"column":0},"end":{"line":17,"column":25}}},"s":{"0":1,"1":1,"2":1,"3":1,"4":4,"5":4,"6":2,"7":4,"8":1,"9":4,"10":1,"11":4,"12":0,"13":4,"14":4,"15":1,"16":1},"branchMap":{"0":{"type":"branch","line":4,"loc":{"start":{"line":4,"column":18},"end":{"line":15,"column":2}},"locations":[{"start":{"line":4,"column":18},"end":{"line":15,"column":2}}]},"1":{"type":"branch","line":6,"loc":{"start":{"line":6,"column":4},"end":{"line":7,"column":27}},"locations":[{"start":{"line":6,"column":4},"end":{"line":7,"column":27}}]},"2":{"type":"branch","line":8,"loc":{"start":{"line":8,"column":4},"end":{"line":9,"column":25}},"locations":[{"start":{"line":8,"column":4},"end":{"line":9,"column":25}}]},"3":{"type":"branch","line":10,"loc":{"start":{"line":10,"column":4},"end":{"line":11,"column":45}},"locations":[{"start":{"line":10,"column":4},"end":{"line":11,"column":45}}]},"4":{"type":"branch","line":12,"loc":{"start":{"line":12,"column":4},"end":{"line":13,"column":93}},"locations":[{"start":{"line":12,"column":4},"end":{"line":13,"column":93}}]}},"b":{"0":[4],"1":[2],"2":[1],"3":[1],"4":[0]},"fnMap":{"0":{"name":"formatter","decl":{"start":{"line":4,"column":18},"end":{"line":15,"column":2}},"loc":{"start":{"line":4,"column":18},"end":{"line":15,"column":2}},"line":4}},"f":{"0":4}}
,"D:\\Работа\\2\\frontend-project-46\\src\\formatters\\plain.js": {"path":"D:\\Работа\\2\\frontend-project-46\\src\\formatters\\plain.js","all":false,"statementMap":{"0":{"start":{"line":1,"column":0},"end":{"line":1,"column":23}},"1":{"start":{"line":2,"column":0},"end":{"line":2,"column":0}},"2":{"start":{"line":3,"column":0},"end":{"line":3,"column":29}},"3":{"start":{"line":4,"column":0},"end":{"line":4,"column":25}},"4":{"start":{"line":5,"column":0},"end":{"line":5,"column":29}},"5":{"start":{"line":6,"column":0},"end":{"line":6,"column":3}},"6":{"start":{"line":7,"column":0},"end":{"line":7,"column":0}},"7":{"start":{"line":8,"column":0},"end":{"line":8,"column":33}},"8":{"start":{"line":9,"column":0},"end":{"line":9,"column":23}},"9":{"start":{"line":10,"column":0},"end":{"line":10,"column":3}},"10":{"start":{"line":11,"column":0},"end":{"line":11,"column":0}},"11":{"start":{"line":12,"column":0},"end":{"line":12,"column":14}},"12":{"start":{"line":13,"column":0},"end":{"line":13,"column":2}},"13":{"start":{"line":14,"column":0},"end":{"line":14,"column":0}},"14":{"start":{"line":15,"column":0},"end":{"line":15,"column":25}},"15":{"start":{"line":16,"column":0},"end":{"line":16,"column":31}},"16":{"start":{"line":17,"column":0},"end":{"line":17,"column":38}},"17":{"start":{"line":18,"column":0},"end":{"line":18,"column":46}},"18":{"start":{"line":19,"column":0},"end":{"line":19,"column":13}},"19":{"start":{"line":20,"column":0},"end":{"line":20,"column":35}},"20":{"start":{"line":21,"column":0},"end":{"line":21,"column":15}},"21":{"start":{"line":22,"column":0},"end":{"line":22,"column":64}},"22":{"start":{"line":23,"column":0},"end":{"line":23,"column":21}},"23":{"start":{"line":24,"column":0},"end":{"line":24,"column":21}},"24":{"start":{"line":25,"column":0},"end":{"line":25,"column":83}},"25":{"start":{"line":26,"column":0},"end":{"line":26,"column":23}},"26":{"start":{"line":27,"column":0},"end":{"line":27,"column":53}},"27":{"start":{"line":28,"column":0},"end":{"line":28,"column":23}},"28":{"start":{"line":29,"column":0},"end":{"line":29,"column":105}},"29":{"start":{"line":30,"column":0},"end":{"line":30,"column":24}},"30":{"start":{"line":31,"column":0},"end":{"line":31,"column":38}},"31":{"start":{"line":32,"column":0},"end":{"line":32,"column":25}},"32":{"start":{"line":33,"column":0},"end":{"line":33,"column":20}},"33":{"start":{"line":34,"column":0},"end":{"line":34,"column":16}},"34":{"start":{"line":35,"column":0},"end":{"line":35,"column":45}},"35":{"start":{"line":36,"column":0},"end":{"line":36,"column":7}},"36":{"start":{"line":37,"column":0},"end":{"line":37,"column":7}},"37":{"start":{"line":38,"column":0},"end":{"line":38,"column":67}},"38":{"start":{"line":39,"column":0},"end":{"line":39,"column":4}},"39":{"start":{"line":40,"column":0},"end":{"line":40,"column":24}},"40":{"start":{"line":41,"column":0},"end":{"line":41,"column":2}},"41":{"start":{"line":42,"column":0},"end":{"line":42,"column":0}},"42":{"start":{"line":43,"column":0},"end":{"line":43,"column":21}}},"s":{"0":1,"1":1,"2":1,"3":13,"4":2,"5":2,"6":11,"7":13,"8":2,"9":2,"10":9,"11":9,"12":9,"13":1,"14":1,"15":1,"16":5,"17":5,"18":18,"19":18,"20":18,"21":18,"22":18,"23":18,"24":5,"25":18,"26":2,"27":18,"28":4,"29":18,"30":4,"31":18,"32":3,"33":18,"34":0,"35":18,"36":5,"37":5,"38":1,"39":1,"40":1,"41":1,"42":1},"branchMap":{"0":{"type":"branch","line":3,"loc":{"start":{"line":3,"column":19},"end":{"line":13,"column":2}},"locations":[{"start":{"line":3,"column":19},"end":{"line":13,"column":2}}]},"1":{"type":"branch","line":4,"loc":{"start":{"line":4,"column":24},"end":{"line":6,"column":3}},"locations":[{"start":{"line":4,"column":24},"end":{"line":6,"column":3}}]},"2":{"type":"branch","line":6,"loc":{"start":{"line":6,"column":2},"end":{"line":8,"column":32}},"locations":[{"start":{"line":6,"column":2},"end":{"line":8,"column":32}}]},"3":{"type":"branch","line":8,"loc":{"start":{"line":8,"column":32},"end":{"line":10,"column":3}},"locations":[{"start":{"line":8,"column":32},"end":{"line":10,"column":3}}]},"4":{"type":"branch","line":10,"loc":{"start":{"line":10,"column":2},"end":{"line":13,"column":2}},"locations":[{"start":{"line":10,"column":2},"end":{"line":13,"column":2}}]},"5":{"type":"branch","line":15,"loc":{"start":{"line":15,"column":15},"end":{"line":41,"column":2}},"locations":[{"start":{"line":15,"column":15},"end":{"line":41,"column":2}}]},"6":{"type":"branch","line":16,"loc":{"start":{"line":16,"column":15},"end":{"line":39,"column":3}},"locations":[{"start":{"line":16,"column":15},"end":{"line":39,"column":3}}]},"7":{"type":"branch","line":18,"loc":{"start":{"line":18,"column":36},"end":{"line":37,"column":5}},"locations":[{"start":{"line":18,"column":36},"end":{"line":37,"column":5}}]},"8":{"type":"branch","line":22,"loc":{"start":{"line":22,"column":33},"end":{"line":22,"column":44}},"locations":[{"start":{"line":22,"column":33},"end":{"line":22,"column":44}}]},"9":{"type":"branch","line":22,"loc":{"start":{"line":22,"column":44},"end":{"line":22,"column":63}},"locations":[{"start":{"line":22,"column":44},"end":{"line":22,"column":63}}]},"10":{"type":"branch","line":24,"loc":{"start":{"line":24,"column":8},"end":{"line":25,"column":83}},"locations":[{"start":{"line":24,"column":8},"end":{"line":25,"column":83}}]},"11":{"type":"branch","line":26,"loc":{"start":{"line":26,"column":8},"end":{"line":27,"column":53}},"locations":[{"start":{"line":26,"column":8},"end":{"line":27,"column":53}}]},"12":{"type":"branch","line":28,"loc":{"start":{"line":28,"column":8},"end":{"line":29,"column":105}},"locations":[{"start":{"line":28,"column":8},"end":{"line":29,"column":105}}]},"13":{"type":"branch","line":30,"loc":{"start":{"line":30,"column":8},"end":{"line":31,"column":38}},"locations":[{"start":{"line":30,"column":8},"end":{"line":31,"column":38}}]},"14":{"type":"branch","line":32,"loc":{"start":{"line":32,"column":8},"end":{"line":33,"column":20}},"locations":[{"start":{"line":32,"column":8},"end":{"line":33,"column":20}}]},"15":{"type":"branch","line":34,"loc":{"start":{"line":34,"column":8},"end":{"line":35,"column":45}},"locations":[{"start":{"line":34,"column":8},"end":{"line":35,"column":45}}]},"16":{"type":"branch","line":38,"loc":{"start":{"line":38,"column":27},"end":{"line":38,"column":54}},"locations":[{"start":{"line":38,"column":27},"end":{"line":38,"column":54}}]}},"b":{"0":[13],"1":[2],"2":[11],"3":[2],"4":[9],"5":[1],"6":[5],"7":[18],"8":[4],"9":[14],"10":[5],"11":[2],"12":[4],"13":[4],"14":[3],"15":[0],"16":[15]},"fnMap":{"0":{"name":"stringify","decl":{"start":{"line":3,"column":19},"end":{"line":13,"column":2}},"loc":{"start":{"line":3,"column":19},"end":{"line":13,"column":2}},"line":3},"1":{"name":"plain","decl":{"start":{"line":15,"column":15},"end":{"line":41,"column":2}},"loc":{"start":{"line":15,"column":15},"end":{"line":41,"column":2}},"line":15},"2":{"name":"iter","decl":{"start":{"line":16,"column":15},"end":{"line":39,"column":3}},"loc":{"start":{"line":16,"column":15},"end":{"line":39,"column":3}},"line":16}},"f":{"0":13,"1":1,"2":5}}
,"D:\\Работа\\2\\frontend-project-46\\src\\formatters\\stylish.js": {"path":"D:\\Работа\\2\\frontend-project-46\\src\\formatters\\stylish.js","all":false,"statementMap":{"0":{"start":{"line":1,"column":0},"end":{"line":1,"column":23}},"1":{"start":{"line":2,"column":0},"end":{"line":2,"column":0}},"2":{"start":{"line":3,"column":0},"end":{"line":3,"column":24}},"3":{"start":{"line":4,"column":0},"end":{"line":4,"column":0}},"4":{"start":{"line":5,"column":0},"end":{"line":5,"column":36}},"5":{"start":{"line":6,"column":0},"end":{"line":6,"column":26}},"6":{"start":{"line":7,"column":0},"end":{"line":7,"column":21}},"7":{"start":{"line":8,"column":0},"end":{"line":8,"column":3}},"8":{"start":{"line":9,"column":0},"end":{"line":9,"column":0}},"9":{"start":{"line":10,"column":0},"end":{"line":10,"column":49}},"10":{"start":{"line":11,"column":0},"end":{"line":11,"column":39}},"11":{"start":{"line":12,"column":0},"end":{"line":12,"column":112}},"12":{"start":{"line":13,"column":0},"end":{"line":13,"column":57}},"13":{"start":{"line":14,"column":0},"end":{"line":14,"column":2}},"14":{"start":{"line":15,"column":0},"end":{"line":15,"column":0}},"15":{"start":{"line":16,"column":0},"end":{"line":16,"column":27}},"16":{"start":{"line":17,"column":0},"end":{"line":17,"column":32}},"17":{"start":{"line":18,"column":0},"end":{"line":18,"column":51}},"18":{"start":{"line":19,"column":0},"end":{"line":19,"column":42}},"19":{"start":{"line":20,"column":0},"end":{"line":20,"column":13}},"20":{"start":{"line":21,"column":0},"end":{"line":21,"column":35}},"21":{"start":{"line":22,"column":0},"end":{"line":22,"column":15}},"22":{"start":{"line":23,"column":0},"end":{"line":23,"column":21}},"23":{"start":{"line":24,"column":0},"end":{"line":24,"column":21}},"24":{"start":{"line":25,"column":0},"end":{"line":25,"column":80}},"25":{"start":{"line":26,"column":0},"end":{"line":26,"column":23}},"26":{"start":{"line":27,"column":0},"end":{"line":27,"column":80}},"27":{"start":{"line":28,"column":0},"end":{"line":28,"column":25}},"28":{"start":{"line":29,"column":0},"end":{"line":29,"column":80}},"29":{"start":{"line":30,"column":0},"end":{"line":30,"column":23}},"30":{"start":{"line":31,"column":0},"end":{"line":31,"column":145}},"31":{"start":{"line":32,"column":0},"end":{"line":32,"column":24}},"32":{"start":{"line":33,"column":0},"end":{"line":33,"column":75}},"33":{"start":{"line":34,"column":0},"end":{"line":34,"column":16}},"34":{"start":{"line":35,"column":0},"end":{"line":35,"column":45}},"35":{"start":{"line":36,"column":0},"end":{"line":36,"column":7}},"36":{"start":{"line":37,"column":0},"end":{"line":37,"column":7}},"37":{"start":{"line":38,"column":0},"end":{"line":38,"column":58}},"38":{"start":{"line":39,"column":0},"end":{"line":39,"column":4}},"39":{"start":{"line":40,"column":0},"end":{"line":40,"column":23}},"40":{"start":{"line":41,"column":0},"end":{"line":41,"column":2}},"41":{"start":{"line":42,"column":0},"end":{"line":42,"column":0}},"42":{"start":{"line":43,"column":0},"end":{"line":43,"column":23}}},"s":{"0":1,"1":1,"2":1,"3":1,"4":1,"5":52,"6":40,"7":40,"8":12,"9":12,"10":12,"11":12,"12":12,"13":12,"14":1,"15":1,"16":2,"17":10,"18":10,"19":36,"20":36,"21":36,"22":36,"23":36,"24":10,"25":36,"26":4,"27":36,"28":6,"29":36,"30":8,"31":36,"32":8,"33":36,"34":0,"35":36,"36":10,"37":10,"38":2,"39":2,"40":2,"41":1,"42":1},"branchMap":{"0":{"type":"branch","line":5,"loc":{"start":{"line":5,"column":18},"end":{"line":14,"column":2}},"locations":[{"start":{"line":5,"column":18},"end":{"line":14,"column":2}}]},"1":{"type":"branch","line":6,"loc":{"start":{"line":6,"column":25},"end":{"line":8,"column":3}},"locations":[{"start":{"line":6,"column":25},"end":{"line":8,"column":3}}]},"2":{"type":"branch","line":8,"loc":{"start":{"line":8,"column":2},"end":{"line":14,"column":2}},"locations":[{"start":{"line":8,"column":2},"end":{"line":14,"column":2}}]},"3":{"type":"branch","line":12,"loc":{"start":{"line":12,"column":30},"end":{"line":12,"column":110}},"locations":[{"start":{"line":12,"column":30},"end":{"line":12,"column":110}}]},"4":{"type":"branch","line":16,"loc":{"start":{"line":16,"column":17},"end":{"line":41,"column":2}},"locations":[{"start":{"line":16,"column":17},"end":{"line":41,"column":2}}]},"5":{"type":"branch","line":17,"loc":{"start":{"line":17,"column":15},"end":{"line":39,"column":3}},"locations":[{"start":{"line":17,"column":15},"end":{"line":39,"column":3}}]},"6":{"type":"branch","line":19,"loc":{"start":{"line":19,"column":32},"end":{"line":37,"column":5}},"locations":[{"start":{"line":19,"column":32},"end":{"line":37,"column":5}}]},"7":{"type":"branch","line":24,"loc":{"start":{"line":24,"column":8},"end":{"line":25,"column":80}},"locations":[{"start":{"line":24,"column":8},"end":{"line":25,"column":80}}]},"8":{"type":"branch","line":26,"loc":{"start":{"line":26,"column":8},"end":{"line":27,"column":80}},"locations":[{"start":{"line":26,"column":8},"end":{"line":27,"column":80}}]},"9":{"type":"branch","line":28,"loc":{"start":{"line":28,"column":8},"end":{"line":29,"column":80}},"locations":[{"start":{"line":28,"column":8},"end":{"line":29,"column":80}}]},"10":{"type":"branch","line":30,"loc":{"start":{"line":30,"column":8},"end":{"line":31,"column":145}},"locations":[{"start":{"line":30,"column":8},"end":{"line":31,"column":145}}]},"11":{"type":"branch","line":32,"loc":{"start":{"line":32,"column":8},"end":{"line":33,"column":75}},"locations":[{"start":{"line":32,"column":8},"end":{"line":33,"column":75}}]},"12":{"type":"branch","line":34,"loc":{"start":{"line":34,"column":8},"end":{"line":35,"column":45}},"locations":[{"start":{"line":34,"column":8},"end":{"line":35,"column":45}}]}},"b":{"0":[52],"1":[40],"2":[12],"3":[16],"4":[2],"5":[10],"6":[36],"7":[10],"8":[4],"9":[6],"10":[8],"11":[8],"12":[0]},"fnMap":{"0":{"name":"stringify","decl":{"start":{"line":5,"column":18},"end":{"line":14,"column":2}},"loc":{"start":{"line":5,"column":18},"end":{"line":14,"column":2}},"line":5},"1":{"name":"stylish","decl":{"start":{"line":16,"column":17},"end":{"line":41,"column":2}},"loc":{"start":{"line":16,"column":17},"end":{"line":41,"column":2}},"line":16},"2":{"name":"iter","decl":{"start":{"line":17,"column":15},"end":{"line":39,"column":3}},"loc":{"start":{"line":17,"column":15},"end":{"line":39,"column":3}},"line":17}},"f":{"0":52,"1":2,"2":10}}
}
