TN:
SF:src\buildDiff.js
FN:3,buildDiff
FNF:1
FNH:1
FNDA:20,buildDiff
DA:1,1
DA:2,1
DA:3,1
DA:4,20
DA:5,20
DA:6,72
DA:7,72
DA:8,72
DA:9,72
DA:10,20
DA:11,20
DA:12,52
DA:13,72
DA:14,8
DA:15,8
DA:16,44
DA:17,72
DA:18,12
DA:19,12
DA:20,32
DA:21,72
DA:22,16
DA:23,16
DA:24,16
DA:25,16
DA:26,16
DA:27,16
DA:28,16
DA:29,16
DA:30,20
DA:31,20
DA:32,20
DA:33,1
LF:33
LH:33
BRDA:3,0,0,20
BRDA:5,1,0,72
BRDA:9,2,0,20
BRDA:11,3,0,52
BRDA:13,4,0,8
BRDA:15,5,0,44
BRDA:17,6,0,12
BRDA:19,7,0,32
BRDA:21,8,0,20
BRDA:21,9,0,16
BRF:10
BRH:10
end_of_record
TN:
SF:src\index.js
FN:8,readfile
FN:15,getExtension
FN:17,genDiff
FNF:3
FNH:3
FNDA:8,readfile
FNDA:8,getExtension
FNDA:4,genDiff
DA:1,1
DA:2,1
DA:3,1
DA:4,1
DA:5,1
DA:6,1
DA:7,1
DA:8,1
DA:9,8
DA:10,8
DA:11,8
DA:12,8
DA:13,8
DA:14,1
DA:15,1
DA:16,1
DA:17,1
DA:18,4
DA:19,4
DA:20,4
DA:21,4
DA:22,4
DA:23,1
DA:24,1
LF:24
LH:24
BRDA:8,0,0,8
BRDA:15,1,0,8
BRDA:17,2,0,4
BRF:3
BRH:3
end_of_record
TN:
SF:src\parsers.js
FN:3,parseFile
FNF:1
FNH:1
FNDA:8,parseFile
DA:1,1
DA:2,1
DA:3,1
DA:4,8
DA:5,8
DA:6,6
DA:7,8
DA:8,8
DA:9,2
DA:10,8
DA:11,0
DA:12,8
DA:13,8
DA:14,1
DA:15,1
LF:15
LH:14
BRDA:3,0,0,8
BRDA:5,1,0,6
BRDA:7,2,0,2
BRDA:8,3,0,2
BRDA:10,4,0,0
BRF:5
BRH:4
end_of_record
TN:
SF:src\formatters\index.js
FN:4,formatter
FNF:1
FNH:1
FNDA:4,formatter
DA:1,1
DA:2,1
DA:3,1
DA:4,1
DA:5,4
DA:6,4
DA:7,2
DA:8,4
DA:9,1
DA:10,4
DA:11,1
DA:12,4
DA:13,0
DA:14,4
DA:15,4
DA:16,1
DA:17,1
LF:17
LH:16
BRDA:4,0,0,4
BRDA:6,1,0,2
BRDA:8,2,0,1
BRDA:10,3,0,1
BRDA:12,4,0,0
BRF:5
BRH:4
end_of_record
TN:
SF:src\formatters\plain.js
FN:3,stringify
FN:15,plain
FN:16,iter
FNF:3
FNH:3
FNDA:13,stringify
FNDA:1,plain
FNDA:5,iter
DA:1,1
DA:2,1
DA:3,1
DA:4,13
DA:5,2
DA:6,2
DA:7,11
DA:8,13
DA:9,2
DA:10,2
DA:11,9
DA:12,9
DA:13,9
DA:14,1
DA:15,1
DA:16,1
DA:17,5
DA:18,5
DA:19,18
DA:20,18
DA:21,18
DA:22,18
DA:23,18
DA:24,18
DA:25,5
DA:26,18
DA:27,2
DA:28,18
DA:29,4
DA:30,18
DA:31,4
DA:32,18
DA:33,3
DA:34,18
DA:35,0
DA:36,18
DA:37,5
DA:38,5
DA:39,1
DA:40,1
DA:41,1
DA:42,1
DA:43,1
LF:43
LH:42
BRDA:3,0,0,13
BRDA:4,1,0,2
BRDA:6,2,0,11
BRDA:8,3,0,2
BRDA:10,4,0,9
BRDA:15,5,0,1
BRDA:16,6,0,5
BRDA:18,7,0,18
BRDA:22,8,0,4
BRDA:22,9,0,14
BRDA:24,10,0,5
BRDA:26,11,0,2
BRDA:28,12,0,4
BRDA:30,13,0,4
BRDA:32,14,0,3
BRDA:34,15,0,0
BRDA:38,16,0,15
BRF:17
BRH:16
end_of_record
TN:
SF:src\formatters\stylish.js
FN:5,stringify
FN:16,stylish
FN:17,iter
FNF:3
FNH:3
FNDA:52,stringify
FNDA:2,stylish
FNDA:10,iter
DA:1,1
DA:2,1
DA:3,1
DA:4,1
DA:5,1
DA:6,52
DA:7,40
DA:8,40
DA:9,12
DA:10,12
DA:11,12
DA:12,12
DA:13,12
DA:14,12
DA:15,1
DA:16,1
DA:17,2
DA:18,10
DA:19,10
DA:20,36
DA:21,36
DA:22,36
DA:23,36
DA:24,36
DA:25,10
DA:26,36
DA:27,4
DA:28,36
DA:29,6
DA:30,36
DA:31,8
DA:32,36
DA:33,8
DA:34,36
DA:35,0
DA:36,36
DA:37,10
DA:38,10
DA:39,2
DA:40,2
DA:41,2
DA:42,1
DA:43,1
LF:43
LH:42
BRDA:5,0,0,52
BRDA:6,1,0,40
BRDA:8,2,0,12
BRDA:12,3,0,16
BRDA:16,4,0,2
BRDA:17,5,0,10
BRDA:19,6,0,36
BRDA:24,7,0,10
BRDA:26,8,0,4
BRDA:28,9,0,6
BRDA:30,10,0,8
BRDA:32,11,0,8
BRDA:34,12,0,0
BRF:13
BRH:12
end_of_record
