TN:
SF:src/buildDiff.js
FN:3,(anonymous_0)
FN:6,(anonymous_1)
FNF:2
FNH:2
FNDA:35,(anonymous_0)
FNDA:126,(anonymous_1)
DA:3,1
DA:4,35
DA:6,35
DA:7,126
DA:8,126
DA:10,126
DA:11,14
DA:13,112
DA:14,35
DA:16,77
DA:17,28
DA:19,49
DA:20,28
DA:27,21
LF:14
LH:14
BRDA:10,0,0,14
BRDA:10,0,1,112
BRDA:13,1,0,35
BRDA:13,1,1,77
BRDA:16,2,0,28
BRDA:16,2,1,49
BRDA:16,3,0,77
BRDA:16,3,1,35
BRDA:19,4,0,28
BRDA:19,4,1,21
BRF:10
BRH:10
end_of_record
TN:
SF:src/index.js
FN:6,(anonymous_0)
FNF:1
FNH:1
FNDA:7,(anonymous_0)
DA:6,1
DA:7,7
DA:8,7
DA:10,7
DA:11,7
DA:13,7
DA:14,7
DA:15,7
LF:8
LH:8
BRDA:6,0,0,2
BRF:1
BRH:1
end_of_record
TN:
SF:src/parsers.js
FN:5,(anonymous_0)
FN:6,(anonymous_1)
FN:14,(anonymous_2)
FNF:3
FNH:3
FNDA:8,(anonymous_0)
FNDA:6,(anonymous_1)
FNDA:14,(anonymous_2)
DA:5,8
DA:6,6
DA:8,1
DA:14,1
DA:15,14
DA:16,14
DA:18,14
DA:19,0
DA:22,14
DA:23,14
LF:10
LH:9
BRDA:18,0,0,0
BRDA:18,0,1,14
BRF:2
BRH:1
end_of_record
TN:
SF:src/formatters/index.js
FN:11,(anonymous_0)
FNF:1
FNH:1
FNDA:7,(anonymous_0)
DA:5,1
DA:12,7
DA:13,0
DA:15,7
LF:4
LH:3
BRDA:12,0,0,0
BRDA:12,0,1,7
BRF:2
BRH:1
end_of_record
TN:
SF:src/formatters/json.js
FN:1,(anonymous_0)
FN:2,(anonymous_1)
FNF:2
FNH:2
FNDA:3,(anonymous_0)
FNDA:54,(anonymous_1)
DA:1,1
DA:2,3
DA:3,54
DA:4,54
DA:6,54
DA:8,15
DA:10,6
DA:12,12
DA:14,12
DA:16,9
DA:18,0
DA:22,3
LF:12
LH:11
BRDA:6,0,0,15
BRDA:6,0,1,6
BRDA:6,0,2,12
BRDA:6,0,3,12
BRDA:6,0,4,9
BRDA:6,0,5,0
BRF:6
BRH:5
end_of_record
TN:
SF:src/formatters/plain.js
FN:3,(anonymous_0)
FN:13,(anonymous_1)
FN:13,(anonymous_2)
FN:32,(anonymous_3)
FNF:4
FNH:4
FNDA:26,(anonymous_0)
FNDA:10,(anonymous_1)
FNDA:36,(anonymous_2)
FNDA:2,(anonymous_3)
DA:3,1
DA:4,26
DA:5,6
DA:7,20
DA:8,14
DA:10,6
DA:13,10
DA:14,36
DA:16,36
DA:18,10
DA:20,4
DA:22,8
DA:24,8
DA:26,6
DA:28,0
DA:32,2
LF:16
LH:15
BRDA:4,0,0,6
BRDA:4,0,1,20
BRDA:7,1,0,14
BRDA:7,1,1,6
BRDA:13,2,0,2
BRDA:14,3,0,28
BRDA:14,3,1,8
BRDA:16,4,0,10
BRDA:16,4,1,4
BRDA:16,4,2,8
BRDA:16,4,3,8
BRDA:16,4,4,6
BRDA:16,4,5,0
BRF:13
BRH:12
end_of_record
TN:
SF:src/formatters/stylish.js
FN:3,(anonymous_0)
FN:5,(anonymous_1)
FN:14,(anonymous_2)
FN:19,(anonymous_3)
FN:21,(anonymous_4)
FN:22,(anonymous_5)
FNF:6
FNH:6
FNDA:38,(anonymous_0)
FNDA:54,(anonymous_1)
FNDA:18,(anonymous_2)
FNDA:10,(anonymous_3)
FNDA:36,(anonymous_4)
FNDA:30,(anonymous_5)
DA:3,38
DA:5,1
DA:6,54
DA:7,40
DA:8,38
DA:9,34
DA:12,14
DA:13,14
DA:14,18
DA:16,14
DA:19,1
DA:20,10
DA:21,10
DA:22,36
DA:24,36
DA:26,10
DA:28,4
DA:30,8
DA:35,8
DA:37,6
DA:39,0
DA:43,10
LF:22
LH:21
BRDA:6,0,0,40
BRDA:6,0,1,14
BRDA:7,1,0,2
BRDA:7,1,1,38
BRDA:8,2,0,4
BRDA:8,2,1,34
BRDA:19,3,0,2
BRDA:24,4,0,10
BRDA:24,4,1,4
BRDA:24,4,2,8
BRDA:24,4,3,8
BRDA:24,4,4,6
BRDA:24,4,5,0
BRDA:43,5,0,2
BRDA:43,5,1,8
BRF:15
BRH:14
end_of_record
